<?xml version="1.0" encoding="UTF-8"?>
<!-- Generated by org.testng.reporters.JUnitReportReporter -->
<testsuite hostname="vbegari-01" name="testpack.Day2" tests="1" failures="0" timestamp="20 May 2020 17:40:25 GMT" time="0.004" errors="0">
  <testcase name="ThirdTest" time="0.004" classname="testpack.Day2"/>
</testsuite> <!-- testpack.Day2 -->
