<?xml version="1.0" encoding="UTF-8"?>
<!-- Generated by org.testng.reporters.JUnitReportReporter -->
<testsuite hostname="vbegari-01" name="testpack.Day3" tests="3" failures="0" timestamp="20 May 2020 17:40:25 GMT" time="0.008" errors="0">
  <testcase name="webloginCarloan" time="0.008" classname="testpack.Day3"/>
  <testcase name="apiloginCarloan" time="0.000" classname="testpack.Day3"/>
  <testcase name="mobileSignInCarloan" time="0.000" classname="testpack.Day3"/>
</testsuite> <!-- testpack.Day3 -->
