<?xml version="1.0" encoding="UTF-8"?>
<!-- Generated by org.testng.reporters.JUnitReportReporter -->
<testsuite hostname="vbegari-01" name="testpack.Parameter_data1" tests="3" failures="0" timestamp="20 May 2020 16:53:35 GMT" time="0.012" errors="0">
  <testcase name="demo" time="0.004" classname="testpack.Parameter_data1"/>
  <testcase name="completename" time="0.008" classname="testpack.Parameter_data1"/>
  <testcase name="secondtest" time="0.000" classname="testpack.Parameter_data1"/>
</testsuite> <!-- testpack.Parameter_data1 -->
